[INFO] 2026-05-01 11:23:40 启动应用程序
[INFO] 2026-05-01 11:23:41 加载配置文件 application.properties
[INFO] 2026-05-01 11:23:42 数据库连接池初始化成功
[WARN] 2026-05-01 11:23:43 检测到过期的配置项: cache.ttl
[INFO] 2026-05-01 11:23:44 REST API 服务启动在端口 8080
[INFO] 2026-05-01 11:23:45 注册控制器: UserController
[INFO] 2026-05-01 11:23:46 注册控制器: OrderController
[INFO] 2026-05-01 11:23:47 安全过滤器链初始化完成
[WARN] 2026-05-01 11:23:48 CORS 配置允许所有来源，建议在生产环境限制
[INFO] 2026-05-01 11:23:49 应用程序启动完成，耗时 9.2 秒
[INFO] 2026-05-01 11:24:01 收到请求: GET /api/users
[INFO] 2026-05-01 11:24:02 查询执行成功，返回 25 条记录
[WARN] 2026-05-01 11:24:03 响应时间较慢: 1.2 秒
[ERROR] 2026-05-01 11:24:15 数据库连接超时: Connection pool exhausted
[INFO] 2026-05-01 11:24:16 尝试重新连接数据库...
[INFO] 2026-05-01 11:24:17 数据库重连成功
[INFO] 2026-05-01 11:24:30 收到请求: POST /api/orders
[INFO] 2026-05-01 11:24:31 订单创建成功: orderId=12345
[ERROR] 2026-05-01 11:24:32 邮件发送失败: SMTP 连接被拒绝
[WARN] 2026-05-01 11:24:33 订单确认邮件已加入重试队列
[INFO] 2026-05-01 11:24:45 收到请求: GET /api/products
[INFO] 2026-05-01 11:24:46 缓存命中，返回商品列表
[INFO] 2026-05-01 11:25:01 定时任务开始: 清理过期会话
[INFO] 2026-05-01 11:25:02 删除 127 个过期会话
[WARN] 2026-05-01 11:25:03 内存使用率达到 75%
[INFO] 2026-05-01 11:25:15 收到请求: PUT /api/users/789
[INFO] 2026-05-01 11:25:16 用户资料更新成功
[ERROR] 2026-05-01 11:25:30 空指针异常: OrderService.calculateTotal()
[ERROR] 2026-05-01 11:25:31 堆栈跟踪已记录到 error.log
[WARN] 2026-05-01 11:25:32 请求失败: 500 Internal Server Error
[INFO] 2026-05-01 11:25:45 健康检查: 系统状态正常
[INFO] 2026-05-01 11:26:01 收到请求: DELETE /api/sessions/old
[INFO] 2026-05-01 11:26:02 批量删除旧会话完成
[INFO] 2026-05-01 11:26:15 WebSocket 客户端连接: clientId=abc123
[INFO] 2026-05-01 11:26:16 消息广播到 45 个连接的客户端
[WARN] 2026-05-01 11:26:30 IP 地址 192.168.1.100 接近速率限制
[INFO] 2026-05-01 11:26:45 备份进程启动
[INFO] 2026-05-01 11:26:46 数据库导出压缩完成: 2.5GB
[INFO] 2026-05-01 11:26:47 上传到 S3 存储桶完成
[ERROR] 2026-05-01 11:27:01 外部服务调用失败: payment-gateway timeout
[INFO] 2026-05-01 11:27:02 启用降级策略，使用缓存数据
[WARN] 2026-05-01 11:27:03 支付功能暂时不可用
[INFO] 2026-05-01 11:27:15 收到请求: GET /api/orders/12345
[INFO] 2026-05-01 11:27:16 订单状态: SHIPPED
[INFO] 2026-05-01 11:27:30 日报生成开始
[INFO] 2026-05-01 11:27:31 今日销售总额: ¥125,680
[INFO] 2026-05-01 11:27:32 PDF 报告生成完成
[INFO] 2026-05-01 11:28:01 应用程序关闭 initiated
[INFO] 2026-05-01 11:28:02 数据库连接已优雅关闭
[INFO] 2026-05-01 11:28:03 后台线程已停止
[INFO] 2026-05-01 11:28:04 应用程序关闭完成
