2024-01-01 10:00:01 INFO Application started successfully
2024-01-01 10:00:02 DEBUG Initializing database connection pool
2024-01-01 10:00:03 INFO Connected to database at localhost:5432
2024-01-01 10:00:04 DEBUG Loading configuration from application.properties
2024-01-01 10:00:05 INFO Configuration loaded: 25 properties found
2024-01-01 10:00:06 WARN Deprecated API endpoint detected: /api/v1/users
2024-01-01 10:00:07 INFO Starting HTTP server on port 8080
2024-01-01 10:00:08 DEBUG Registering REST controllers
2024-01-01 10:00:09 INFO Registered controller: UserController
2024-01-01 10:00:10 INFO Registered controller: OrderController
2024-01-01 10:00:11 INFO Registered controller: ProductController
2024-01-01 10:00:12 DEBUG Initializing security filter chain
2024-01-01 10:00:13 INFO Security enabled: JWT authentication
2024-01-01 10:00:14 DEBUG Setting up CORS configuration
2024-01-01 10:00:15 INFO CORS configured for origins: http://localhost:3000
2024-01-01 10:00:16 INFO Application ready to accept requests
2024-01-01 10:01:01 INFO Received GET request: /api/v2/users
2024-01-01 10:01:02 DEBUG Processing request with parameters: page=1, size=20
2024-01-01 10:01:03 INFO Query executed in 45ms
2024-01-01 10:01:04 INFO Response sent: 200 OK (156 bytes)
2024-01-01 10:01:15 INFO Received POST request: /api/v2/orders
2024-01-01 10:01:16 DEBUG Validating request body
2024-01-01 10:01:17 INFO Order created: orderId=12345
2024-01-01 10:01:18 INFO Sending confirmation email to user@example.com
2024-01-01 10:01:19 DEBUG Email queued for delivery
2024-01-01 10:01:20 INFO Response sent: 201 Created
2024-01-01 10:02:01 WARN High memory usage detected: 85% of heap
2024-01-01 10:02:02 DEBUG Triggering garbage collection
2024-01-01 10:02:03 INFO GC completed: freed 512MB
2024-01-01 10:02:04 DEBUG Memory usage normalized: 45%
2024-01-01 10:02:30 ERROR Failed to connect to external service: payment-gateway
2024-01-01 10:02:31 DEBUG Retrying connection attempt 1/3
2024-01-01 10:02:32 INFO Connection restored after retry
2024-01-01 10:03:01 INFO Received GET request: /api/v2/products?category=electronics
2024-01-01 10:03:02 DEBUG Cache hit for product list query
2024-01-01 10:03:03 INFO Response sent: 200 OK (2.3KB)
2024-01-01 10:03:15 INFO Scheduled task started: cleanup expired sessions
2024-01-01 10:03:16 DEBUG Found 127 expired sessions
2024-01-01 10:03:17 INFO Cleanup completed: removed 127 sessions
2024-01-01 10:03:18 DEBUG Task completed in 2.5 seconds
2024-01-01 10:04:01 INFO Received PUT request: /api/v2/users/789
2024-01-01 10:04:02 DEBUG Updating user profile
2024-01-01 10:04:03 INFO User updated successfully
2024-01-01 10:04:04 INFO Response sent: 200 OK
2024-01-01 10:05:01 WARN Slow query detected: 2.5 seconds for order history
2024-01-01 10:05:02 DEBUG Query plan analysis: missing index on orders.user_id
2024-01-01 10:05:03 INFO Database optimization recommended
2024-01-01 10:06:01 INFO Health check endpoint accessed
2024-01-01 10:06:02 INFO System status: healthy
2024-01-01 10:06:03 DEBUG Uptime: 6 minutes 2 seconds
2024-01-01 10:07:01 INFO Received DELETE request: /api/v2/sessions/old
2024-01-01 10:07:02 DEBUG Batch deleting old sessions
2024-01-01 10:07:03 INFO Deleted 50 old sessions
2024-01-01 10:07:04 INFO Response sent: 200 OK
2024-01-01 10:08:01 ERROR NullPointerException in OrderService.calculateTotal
2024-01-01 10:08:02 DEBUG Stack trace logged to error.log
2024-01-01 10:08:03 WARN Request failed: 500 Internal Server Error
2024-01-01 10:09:01 INFO Received GET request: /api/v2/orders/12345
2024-01-01 10:09:02 DEBUG Fetching order details from database
2024-01-01 10:09:03 INFO Order found: status=SHIPPED
2024-01-01 10:09:04 INFO Response sent: 200 OK (1.2KB)
2024-01-01 10:10:01 INFO Daily report generation started
2024-01-01 10:10:02 DEBUG Aggregating sales data
2024-01-01 10:10:03 INFO Total sales today: ¥125,680
2024-01-01 10:10:04 DEBUG Generating PDF report
2024-01-01 10:10:05 INFO Report saved to /reports/daily-2024-01-01.pdf
2024-01-01 10:10:06 INFO Report generation completed in 4.8 seconds
2024-01-01 10:11:01 INFO WebSocket connection established: client-id=abc123
2024-01-01 10:11:02 DEBUG Subscribing to channel: notifications
2024-01-01 10:11:03 INFO Message broadcast to 45 connected clients
2024-01-01 10:12:01 INFO Received PATCH request: /api/v2/products/456
2024-01-01 10:12:02 DEBUG Partial update: price field only
2024-01-01 10:12:03 INFO Product price updated: ¥299 -> ¥249
2024-01-01 10:12:04 INFO Cache invalidated for product list
2024-01-01 10:12:05 INFO Response sent: 200 OK
2024-01-01 10:13:01 WARN Rate limit approaching for IP: 192.168.1.100
2024-01-01 10:13:02 DEBUG Current request count: 950/1000 per minute
2024-01-01 10:13:03 INFO Throttling applied to subsequent requests
2024-01-01 10:14:01 INFO Backup process initiated
2024-01-01 10:14:02 DEBUG Compressing database dump
2024-01-01 10:14:03 INFO Backup size: 2.5GB compressed
2024-01-01 10:14:04 INFO Uploading to S3 bucket: backups-prod
2024-01-01 10:14:05 DEBUG Upload progress: 50%
2024-01-01 10:14:06 INFO Upload completed successfully
2024-01-01 10:14:07 INFO Backup completed in 58 seconds
2024-01-01 10:15:01 INFO Application shutdown initiated
2024-01-01 10:15:02 DEBUG Closing database connections
2024-01-01 10:15:03 INFO All connections closed gracefully
2024-01-01 10:15:04 DEBUG Stopping background threads
2024-01-01 10:15:05 INFO Shutdown completed in 3.2 seconds
