1: 2024-01-01 10:00:01 INFO Application started successfully
2: 2024-01-01 10:00:02 DEBUG Initializing database connection pool
3: 2024-01-01 10:00:03 INFO Connected to database at localhost:5432
4: 2024-01-01 10:00:04 DEBUG Loading configuration from application.properties
5: 2024-01-01 10:00:05 INFO Configuration loaded: 25 properties found
6: 2024-01-01 10:00:06 WARN Deprecated API endpoint detected: /api/v1/users
7: 2024-01-01 10:00:07 INFO Starting HTTP server on port 8080
8: 2024-01-01 10:00:08 DEBUG Registering REST controllers
9: 2024-01-01 10:00:09 INFO Registered controller: UserController
10: 2024-01-01 10:00:10 INFO Registered controller: OrderController
11: 2024-01-01 10:00:11 INFO Registered controller: ProductController
12: 2024-01-01 10:00:12 DEBUG Initializing security filter chain
13: 2024-01-01 10:00:13 INFO Security enabled: JWT authentication
14: 2024-01-01 10:00:14 DEBUG Setting up CORS configuration
15: 2024-01-01 10:00:15 INFO CORS configured for origins: http://localhost:3000
16: 2024-01-01 10:00:16 INFO Application ready to accept requests
17: 2024-01-01 10:01:01 INFO Received GET request: /api/v2/users
18: 2024-01-01 10:01:02 DEBUG Processing request with parameters: page=1, size=20
19: 2024-01-01 10:01:03 INFO Query executed in 45ms
20: 2024-01-01 10:01:04 INFO Response sent: 200 OK (156 bytes)
21: 2024-01-01 10:01:15 INFO Received POST request: /api/v2/orders
22: 2024-01-01 10:01:16 DEBUG Validating request body
23: 2024-01-01 10:01:17 INFO Order created: orderId=12345
24: 2024-01-01 10:01:18 INFO Sending confirmation email to user@example.com
25: 2024-01-01 10:01:19 DEBUG Email queued for delivery
26: 2024-01-01 10:01:20 INFO Response sent: 201 Created
27: 2024-01-01 10:02:01 WARN High memory usage detected: 85% of heap
28: 2024-01-01 10:02:02 DEBUG Triggering garbage collection
29: 2024-01-01 10:02:03 INFO GC completed: freed 512MB
30: 2024-01-01 10:02:04 DEBUG Memory usage normalized: 45%
31: 2024-01-01 10:02:30 ERROR Failed to connect to external service: payment-gateway
32: 2024-01-01 10:02:31 DEBUG Retrying connection attempt 1/3
33: 2024-01-01 10:02:32 INFO Connection restored after retry
34: 2024-01-01 10:03:01 INFO Received GET request: /api/v2/products?category=electronics
35: 2024-01-01 10:03:02 DEBUG Cache hit for product list query
36: 2024-01-01 10:03:03 INFO Response sent: 200 OK (2.3KB)
37: 2024-01-01 10:03:15 INFO Scheduled task started: cleanup expired sessions
38: 2024-01-01 10:03:16 DEBUG Found 127 expired sessions
39: 2024-01-01 10:03:17 INFO Cleanup completed: removed 127 sessions
40: 2024-01-01 10:03:18 DEBUG Task completed in 2.5 seconds
41: 2024-01-01 10:04:01 INFO Received PUT request: /api/v2/users/789
42: 2024-01-01 10:04:02 DEBUG Updating user profile
43: 2024-01-01 10:04:03 INFO User updated successfully
44: 2024-01-01 10:04:04 INFO Response sent: 200 OK
45: 2024-01-01 10:05:01 WARN Slow query detected: 2.5 seconds for order history
46: 2024-01-01 10:05:02 DEBUG Query plan analysis: missing index on orders.user_id
47: 2024-01-01 10:05:03 INFO Database optimization recommended
48: 2024-01-01 10:06:01 INFO Health check endpoint accessed
49: 2024-01-01 10:06:02 INFO System status: healthy
50: 2024-01-01 10:06:03 DEBUG Uptime: 6 minutes 2 seconds
51: 2024-01-01 10:07:01 INFO Received DELETE request: /api/v2/sessions/old
52: 2024-01-01 10:07:02 DEBUG Batch deleting old sessions
53: 2024-01-01 10:07:03 INFO Deleted 50 old sessions
54: 2024-01-01 10:07:04 INFO Response sent: 200 OK
55: 2024-01-01 10:08:01 ERROR NullPointerException in OrderService.calculateTotal
56: 2024-01-01 10:08:02 DEBUG Stack trace logged to error.log
57: 2024-01-01 10:08:03 WARN Request failed: 500 Internal Server Error
58: 2024-01-01 10:09:01 INFO Received GET request: /api/v2/orders/12345
59: 2024-01-01 10:09:02 DEBUG Fetching order details from database
60: 2024-01-01 10:09:03 INFO Order found: status=SHIPPED
61: 2024-01-01 10:09:04 INFO Response sent: 200 OK (1.2KB)
62: 2024-01-01 10:10:01 INFO Daily report generation started
63: 2024-01-01 10:10:02 DEBUG Aggregating sales data
64: 2024-01-01 10:10:03 INFO Total sales today: ¥125,680
65: 2024-01-01 10:10:04 DEBUG Generating PDF report
66: 2024-01-01 10:10:05 INFO Report saved to /reports/daily-2024-01-01.pdf
67: 2024-01-01 10:10:06 INFO Report generation completed in 4.8 seconds
68: 2024-01-01 10:11:01 INFO WebSocket connection established: client-id=abc123
69: 2024-01-01 10:11:02 DEBUG Subscribing to channel: notifications
70: 2024-01-01 10:11:03 INFO Message broadcast to 45 connected clients
71: 2024-01-01 10:12:01 INFO Received PATCH request: /api/v2/products/456
72: 2024-01-01 10:12:02 DEBUG Partial update: price field only
73: 2024-01-01 10:12:03 INFO Product price updated: ¥299 -> ¥249
74: 2024-01-01 10:12:04 INFO Cache invalidated for product list
75: 2024-01-01 10:12:05 INFO Response sent: 200 OK
76: 2024-01-01 10:13:01 WARN Rate limit approaching for IP: 192.168.1.100
77: 2024-01-01 10:13:02 DEBUG Current request count: 950/1000 per minute
78: 2024-01-01 10:13:03 INFO Throttling applied to subsequent requests
79: 2024-01-01 10:14:01 INFO Backup process initiated
80: 2024-01-01 10:14:02 DEBUG Compressing database dump
81: 2024-01-01 10:14:03 INFO Backup size: 2.5GB compressed
82: 2024-01-01 10:14:04 INFO Uploading to S3 bucket: backups-prod
83: 2024-01-01 10:14:05 DEBUG Upload progress: 50%
84: 2024-01-01 10:14:06 INFO Upload completed successfully
85: 2024-01-01 10:14:07 INFO Backup completed in 58 seconds
86: 2024-01-01 10:15:01 INFO Application shutdown initiated
87: 2024-01-01 10:15:02 DEBUG Closing database connections
88: 2024-01-01 10:15:03 INFO All connections closed gracefully
89: 2024-01-01 10:15:04 DEBUG Stopping background threads
90: 2024-01-01 10:15:05 INFO Shutdown completed in 3.2 seconds
